<?xml version="1.0" encoding="UTF-8"?>
<!-- Generated by org.testng.reporters.JUnitReportReporter -->
<testsuite hostname="Abhijit" failures="0" tests="2" name="TestNG.Sample2" time="0.018" errors="0" timestamp="2023-02-13T11:27:18 IST" skipped="0">
  <testcase classname="TestNG.Sample2" name="TC3" time="0.016"/>
  <system-out>
    <![CDATA[Running Method TC3]]>
  </system-out>
  <testcase classname="TestNG.Sample2" name="TC4" time="0.002"/>
  <system-out>
    <![CDATA[Running Method TC4]]>
  </system-out>
</testsuite> <!-- TestNG.Sample2 -->
