<?xml version="1.0" encoding="UTF-8"?>
<!-- Generated by org.testng.reporters.JUnitReportReporter -->
<testsuite hostname="Abhijit" failures="0" tests="3" name="TestNG.Keywords3" time="0.025" errors="0" timestamp="2023-02-11T11:09:06 IST" skipped="0">
  <testcase classname="TestNG.Keywords3" name="TC3" time="0.017"/>
  <system-out>
    <![CDATA[Running method TC3]]>
  </system-out>
  <testcase classname="TestNG.Keywords3" name="TC2" time="0.004"/>
  <system-out>
    <![CDATA[Running method TC2]]>
  </system-out>
  <testcase classname="TestNG.Keywords3" name="TC1" time="0.004"/>
  <system-out>
    <![CDATA[Running method TC1]]>
  </system-out>
</testsuite> <!-- TestNG.Keywords3 -->
