<?xml version="1.0" encoding="UTF-8"?>
<!-- Generated by org.testng.reporters.JUnitReportReporter -->
<testsuite hostname="Abhijit" failures="0" tests="2" name="TestNG.Sample1" time="0.006" errors="0" timestamp="2023-02-13T11:27:18 IST" skipped="0">
  <testcase classname="TestNG.Sample1" name="TC1" time="0.004"/>
  <system-out>
    <![CDATA[Running Method TC1]]>
  </system-out>
  <testcase classname="TestNG.Sample1" name="TC2" time="0.002"/>
  <system-out>
    <![CDATA[Running Method TC2]]>
  </system-out>
</testsuite> <!-- TestNG.Sample1 -->
