<?xml version="1.0" encoding="UTF-8"?>
<!-- Generated by org.testng.reporters.JUnitReportReporter -->
<testsuite hostname="Abhijit" failures="0" tests="2" name="TestNG.Grouping1" time="0.024" errors="0" timestamp="2023-02-13T12:11:21 IST" skipped="0">
  <testcase classname="TestNG.Grouping1" name="TC3" time="0.021"/>
  <system-out>
    <![CDATA[Running Method TC3]]>
  </system-out>
  <testcase classname="TestNG.Grouping1" name="TC4" time="0.003"/>
  <system-out>
    <![CDATA[Running Method TC4]]>
  </system-out>
</testsuite> <!-- TestNG.Grouping1 -->
