<?xml version="1.0" encoding="UTF-8"?>
<!-- Generated by org.testng.reporters.JUnitReportReporter -->
<testsuite hostname="Abhijit" failures="0" tests="3" name="TestNG.Disable2" time="0.027" errors="0" timestamp="2023-02-13T11:53:21 IST" skipped="0">
  <testcase classname="TestNG.Disable2" name="TC1" time="0.017"/>
  <system-out>
    <![CDATA[Running Method TC1]]>
  </system-out>
  <testcase classname="TestNG.Disable2" name="TC3" time="0.004"/>
  <system-out>
    <![CDATA[Running Method TC3]]>
  </system-out>
  <testcase classname="TestNG.Disable2" name="TC2" time="0.006"/>
  <system-out>
    <![CDATA[Running Method TC2]]>
  </system-out>
</testsuite> <!-- TestNG.Disable2 -->
