<?xml version="1.0" encoding="UTF-8"?>
<!-- Generated by org.testng.reporters.JUnitReportReporter -->
<testsuite hostname="Abhijit" failures="0" tests="4" name="TestNG.Keywords4" time="0.023" errors="0" timestamp="2023-02-11T11:11:48 IST" skipped="0">
  <testcase classname="TestNG.Keywords4" name="TC3" time="0.015"/>
  <system-out>
    <![CDATA[Running method TC3]]>
  </system-out>
  <testcase classname="TestNG.Keywords4" name="TC4" time="0.002"/>
  <system-out>
    <![CDATA[Running method TC4]]>
  </system-out>
  <testcase classname="TestNG.Keywords4" name="TC2" time="0.003"/>
  <system-out>
    <![CDATA[Running method TC2]]>
  </system-out>
  <testcase classname="TestNG.Keywords4" name="TC1" time="0.003"/>
  <system-out>
    <![CDATA[Running method TC1]]>
  </system-out>
</testsuite> <!-- TestNG.Keywords4 -->
