<?xml version="1.0" encoding="UTF-8"?>
<!-- Generated by org.testng.reporters.JUnitReportReporter -->
<testsuite hostname="Abhijit" failures="0" tests="2" name="TestNG.Demo1" time="0.022" errors="0" timestamp="2023-02-13T11:11:51 IST" skipped="0">
  <testcase classname="TestNG.Demo1" name="TC1" time="0.019"/>
  <system-out>
    <![CDATA[Running Method TC1]]>
  </system-out>
  <testcase classname="TestNG.Demo1" name="TC2" time="0.003"/>
  <system-out>
    <![CDATA[Running Method TC2]]>
  </system-out>
</testsuite> <!-- TestNG.Demo1 -->
