<?xml version="1.0" encoding="UTF-8"?>
<!-- Generated by org.testng.reporters.JUnitReportReporter -->
<testsuite hostname="Abhijit" failures="0" tests="2" name="TestNG.Keyword8" time="2.074" errors="0" timestamp="2023-02-11T11:20:21 IST" skipped="1">
  <testcase classname="TestNG.Keyword8" name="TC1" time="2.074"/>
  <system-out>
    <![CDATA[Running method TC1]]>
  </system-out>
  <testcase classname="TestNG.Keyword8" name="TC2">
    <skipped/>
  </testcase> <!-- TC2 -->
  <system-out/>
</testsuite> <!-- TestNG.Keyword8 -->
