<?xml version="1.0" encoding="UTF-8"?>
<!-- Generated by org.testng.reporters.JUnitReportReporter -->
<testsuite hostname="Abhijit" failures="0" tests="3" name="TestNG.Disable1" time="0.028" errors="0" timestamp="2023-02-13T11:47:51 IST" skipped="0">
  <testcase classname="TestNG.Disable1" name="TC2" time="0.017"/>
  <system-out>
    <![CDATA[Running Method TC2]]>
  </system-out>
  <testcase classname="TestNG.Disable1" name="TC3" time="0.005"/>
  <system-out>
    <![CDATA[Running Method TC3]]>
  </system-out>
  <testcase classname="TestNG.Disable1" name="TC4" time="0.006"/>
  <system-out>
    <![CDATA[Running Method TC4]]>
  </system-out>
</testsuite> <!-- TestNG.Disable1 -->
