<?xml version="1.0" encoding="UTF-8"?>
<!-- Generated by org.testng.reporters.JUnitReportReporter -->
<testsuite hostname="Abhijit" failures="0" tests="1" name="TestNG.TestNG_Class" time="27.311" errors="0" timestamp="2023-02-10T11:10:30 IST" skipped="0">
  <testcase classname="TestNG.TestNG_Class" name="OpenFacebook" time="27.311"/>
  <system-out/>
</testsuite> <!-- TestNG.TestNG_Class -->
