<?xml version="1.0" encoding="UTF-8"?>
<!-- Generated by org.testng.reporters.JUnitReportReporter -->
<testsuite hostname="Abhijit" failures="0" tests="2" name="TestNG.Annotation2" time="0.017" errors="0" timestamp="2023-02-10T12:20:19 IST" skipped="0">
  <testcase classname="TestNG.Annotation2" name="TC1" time="0.012"/>
  <system-out>
    <![CDATA[Running Method TC1]]>
  </system-out>
  <testcase classname="TestNG.Annotation2" name="TC2" time="0.005"/>
  <system-out>
    <![CDATA[Running Method TC2]]>
  </system-out>
</testsuite> <!-- TestNG.Annotation2 -->
