<?xml version="1.0" encoding="UTF-8"?>
<!-- Generated by org.testng.reporters.JUnitReportReporter -->
<testsuite hostname="Abhijit" failures="0" tests="1" name="TestNG.Annotation1" time="0.012" errors="0" timestamp="2023-02-10T12:18:52 IST" skipped="0">
  <testcase classname="TestNG.Annotation1" name="TC1" time="0.012"/>
  <system-out>
    <![CDATA[Running Method TC1]]>
  </system-out>
</testsuite> <!-- TestNG.Annotation1 -->
