<?xml version="1.0" encoding="UTF-8"?>
<!-- Generated by org.testng.reporters.JUnitReportReporter -->
<testsuite hostname="Abhijit" failures="0" tests="2" name="POM_DDF_TestNG_BaseClass_UtilityClass.Insurance_TestNG_TestClass" time="168.351" errors="0" timestamp="2023-02-17T19:18:38 IST" skipped="0">
  <testcase classname="POM_DDF_TestNG_BaseClass_UtilityClass.Insurance_TestNG_TestClass" name="VerifyEmailAddress" time="72.702"/>
  <system-out/>
  <testcase classname="POM_DDF_TestNG_BaseClass_UtilityClass.Insurance_TestNG_TestClass" name="VerifyTitle" time="95.649"/>
  <system-out/>
</testsuite> <!-- POM_DDF_TestNG_BaseClass_UtilityClass.Insurance_TestNG_TestClass -->
