<?xml version="1.0" encoding="UTF-8"?>
<!-- Generated by org.testng.reporters.JUnitReportReporter -->
<testsuite hostname="Abhijit" failures="0" tests="2" name="TestNG.Keywords9" time="0.022" errors="0" timestamp="2023-02-11T11:33:56 IST" skipped="0">
  <testcase classname="TestNG.Keywords9" name="Login" time="0.017"/>
  <system-out>
    <![CDATA[Running Login TC]]>
  </system-out>
  <testcase classname="TestNG.Keywords9" name="Logout" time="0.005"/>
  <system-out>
    <![CDATA[Running Logout TC]]>
  </system-out>
</testsuite> <!-- TestNG.Keywords9 -->
