<?xml version="1.0" encoding="UTF-8"?>
<!-- Generated by org.testng.reporters.JUnitReportReporter -->
<testsuite hostname="Abhijit" failures="0" tests="2" name="TestNG.Keywords7" time="0.019" errors="0" timestamp="2023-02-11T11:21:08 IST" skipped="1">
  <testcase classname="TestNG.Keywords7" name="TC1" time="0.019"/>
  <system-out>
    <![CDATA[Running method TC1]]>
  </system-out>
  <testcase classname="TestNG.Keywords7" name="TC2">
    <skipped/>
  </testcase> <!-- TC2 -->
  <system-out/>
</testsuite> <!-- TestNG.Keywords7 -->
