<?xml version="1.0" encoding="UTF-8"?>
<!-- Generated by org.testng.reporters.JUnitReportReporter -->
<testsuite hostname="Abhijit" failures="0" tests="4" name="TestNG.Demo5" time="0.025" errors="0" timestamp="2023-02-13T11:42:30 IST" skipped="1">
  <testcase classname="TestNG.Demo5" name="TC4" time="0.003"/>
  <system-out>
    <![CDATA[Running Method TC4]]>
  </system-out>
  <testcase classname="TestNG.Demo5" name="TC2" time="0.019"/>
  <system-out>
    <![CDATA[Running Method TC2]]>
  </system-out>
  <testcase classname="TestNG.Demo5" name="TC3" time="0.003"/>
  <system-out>
    <![CDATA[Running Method TC3]]>
  </system-out>
  <testcase classname="TestNG.Demo5" name="TC1">
    <skipped/>
  </testcase> <!-- TC1 -->
  <system-out/>
</testsuite> <!-- TestNG.Demo5 -->
