<?xml version="1.0" encoding="UTF-8"?>
<!-- Generated by org.testng.reporters.JUnitReportReporter -->
<testsuite hostname="Abhijit" failures="0" tests="2" name="TestNG.Keywords2" time="0.023" errors="0" timestamp="2023-02-11T11:05:20 IST" skipped="0">
  <testcase classname="TestNG.Keywords2" name="TC2" time="0.019"/>
  <system-out>
    <![CDATA[Running method TC2]]>
  </system-out>
  <testcase classname="TestNG.Keywords2" name="TC1" time="0.004"/>
  <system-out>
    <![CDATA[Running method TC1]]>
  </system-out>
</testsuite> <!-- TestNG.Keywords2 -->
