<?xml version="1.0" encoding="UTF-8"?>
<!-- Generated by org.testng.reporters.JUnitReportReporter -->
<testsuite hostname="Abhijit" failures="0" tests="1" name="TestNG.Parallel3" time="59.945" errors="0" timestamp="2023-02-13T12:41:15 IST" skipped="0">
  <testcase classname="TestNG.Parallel3" name="OpenKiteZerodha" time="59.945"/>
  <system-out/>
</testsuite> <!-- TestNG.Parallel3 -->
