<?xml version="1.0" encoding="UTF-8"?>
<!-- Generated by org.testng.reporters.JUnitReportReporter -->
<testsuite hostname="Abhijit" failures="0" tests="5" name="TestNG.Emaillable_Report" time="0.110" errors="0" timestamp="2023-02-10T12:39:08 IST" skipped="0">
  <testcase classname="TestNG.Emaillable_Report" name="m5" time="0.002"/>
  <system-out/>
  <testcase classname="TestNG.Emaillable_Report" name="m2" time="0.004"/>
  <system-out>
    <![CDATA[Running Method m2]]>
  </system-out>
  <testcase classname="TestNG.Emaillable_Report" name="m3" time="0.003"/>
  <system-out>
    <![CDATA[Running Method m3]]>
  </system-out>
  <testcase classname="TestNG.Emaillable_Report" name="m4" time="0.002"/>
  <system-out>
    <![CDATA[Running Method m4]]>
  </system-out>
  <testcase classname="TestNG.Emaillable_Report" name="m1" time="0.099"/>
  <system-out>
    <![CDATA[Running Method m1]]>
  </system-out>
</testsuite> <!-- TestNG.Emaillable_Report -->
