<?xml version="1.0" encoding="UTF-8"?>
<!-- Generated by org.testng.reporters.JUnitReportReporter -->
<testsuite hostname="Abhijit" failures="0" tests="2" name="TestNG.Sample3" time="0.006" errors="0" timestamp="2023-02-13T11:27:18 IST" skipped="0">
  <testcase classname="TestNG.Sample3" name="TC6" time="0.003"/>
  <system-out>
    <![CDATA[Running Method TC6]]>
  </system-out>
  <testcase classname="TestNG.Sample3" name="TC5" time="0.003"/>
  <system-out>
    <![CDATA[Running Method TC5]]>
  </system-out>
</testsuite> <!-- TestNG.Sample3 -->
